
  .   ____          _            __ _ _
 /\\ / ___'_ __ _ _(_)_ __  __ _ \ \ \ \
( ( )\___ | '_ | '_| | '_ \/ _` | \ \ \ \
 \\/  ___)| |_)| | | | | || (_| |  ) ) ) )
  '  |____| .__|_| |_|_| |_\__, | / / / /
 =========|_|==============|___/=/_/_/_/
 :: Spring Boot ::                (v2.6.3)

2022-02-24 12:47:29.369  INFO 32257 --- [           main] com.phoenix.backend.BackendApplication   : Starting BackendApplication v0.0.1-SNAPSHOT using Java 1.8.0_321 on master-node with PID 32257 (/home/daniel/NetBeansProjects/backend/target/backend-0.0.1-SNAPSHOT.jar started by daniel in /home/daniel/NetBeansProjects/backend)
2022-02-24 12:47:29.372  INFO 32257 --- [           main] com.phoenix.backend.BackendApplication   : No active profile set, falling back to default profiles: default
2022-02-24 12:47:30.047  INFO 32257 --- [           main] .s.d.r.c.RepositoryConfigurationDelegate : Bootstrapping Spring Data JPA repositories in DEFAULT mode.
2022-02-24 12:47:30.094  INFO 32257 --- [           main] .s.d.r.c.RepositoryConfigurationDelegate : Finished Spring Data repository scanning in 38 ms. Found 1 JPA repository interfaces.
2022-02-24 12:47:30.648  INFO 32257 --- [           main] o.s.b.w.embedded.tomcat.TomcatWebServer  : Tomcat initialized with port(s): 8181 (http)
2022-02-24 12:47:30.659  INFO 32257 --- [           main] o.apache.catalina.core.StandardService   : Starting service [Tomcat]
2022-02-24 12:47:30.659  INFO 32257 --- [           main] org.apache.catalina.core.StandardEngine  : Starting Servlet engine: [Apache Tomcat/9.0.56]
2022-02-24 12:47:30.707  INFO 32257 --- [           main] o.a.c.c.C.[Tomcat].[localhost].[/]       : Initializing Spring embedded WebApplicationContext
2022-02-24 12:47:30.707  INFO 32257 --- [           main] w.s.c.ServletWebServerApplicationContext : Root WebApplicationContext: initialization completed in 1262 ms
2022-02-24 12:47:30.898  INFO 32257 --- [           main] o.hibernate.jpa.internal.util.LogHelper  : HHH000204: Processing PersistenceUnitInfo [name: default]
2022-02-24 12:47:30.938  INFO 32257 --- [           main] org.hibernate.Version                    : HHH000412: Hibernate ORM core version 5.6.4.Final
2022-02-24 12:47:31.148  INFO 32257 --- [           main] o.hibernate.annotations.common.Version   : HCANN000001: Hibernate Commons Annotations {5.1.2.Final}
2022-02-24 12:47:31.225  INFO 32257 --- [           main] com.zaxxer.hikari.HikariDataSource       : HikariPool-1 - Starting...
2022-02-24 12:47:31.322  INFO 32257 --- [           main] com.zaxxer.hikari.HikariDataSource       : HikariPool-1 - Start completed.
2022-02-24 12:47:31.337  INFO 32257 --- [           main] org.hibernate.dialect.Dialect            : HHH000400: Using dialect: org.hibernate.dialect.PostgreSQLDialect
2022-02-24 12:47:31.558  INFO 32257 --- [           main] org.hibernate.tuple.PojoInstantiator     : HHH000182: No default (no-argument) constructor for class: com.phoenix.backend.auth.UserAuth (class must be instantiated by Interceptor)
2022-02-24 12:47:31.734  INFO 32257 --- [           main] o.h.e.t.j.p.i.JtaPlatformInitiator       : HHH000490: Using JtaPlatform implementation: [org.hibernate.engine.transaction.jta.platform.internal.NoJtaPlatform]
2022-02-24 12:47:31.741  INFO 32257 --- [           main] j.LocalContainerEntityManagerFactoryBean : Initialized JPA EntityManagerFactory for persistence unit 'default'
2022-02-24 12:47:32.026  WARN 32257 --- [           main] JpaBaseConfiguration$JpaWebConfiguration : spring.jpa.open-in-view is enabled by default. Therefore, database queries may be performed during view rendering. Explicitly configure spring.jpa.open-in-view to disable this warning
2022-02-24 12:47:32.338  INFO 32257 --- [           main] o.s.b.w.embedded.tomcat.TomcatWebServer  : Tomcat started on port(s): 8181 (http) with context path ''
2022-02-24 12:47:32.348  INFO 32257 --- [           main] com.phoenix.backend.BackendApplication   : Started BackendApplication in 3.341 seconds (JVM running for 3.732)
2022-02-24 12:47:35.826  INFO 32257 --- [nio-8181-exec-1] o.a.c.c.C.[Tomcat].[localhost].[/]       : Initializing Spring DispatcherServlet 'dispatcherServlet'
2022-02-24 12:47:35.826  INFO 32257 --- [nio-8181-exec-1] o.s.web.servlet.DispatcherServlet        : Initializing Servlet 'dispatcherServlet'
2022-02-24 12:47:35.827  INFO 32257 --- [nio-8181-exec-1] o.s.web.servlet.DispatcherServlet        : Completed initialization in 1 ms

  .   ____          _            __ _ _
 /\\ / ___'_ __ _ _(_)_ __  __ _ \ \ \ \
( ( )\___ | '_ | '_| | '_ \/ _` | \ \ \ \
 \\/  ___)| |_)| | | | | || (_| |  ) ) ) )
  '  |____| .__|_| |_|_| |_\__, | / / / /
 =========|_|==============|___/=/_/_/_/
 :: Spring Boot ::                (v2.6.3)

2022-02-25 10:12:11.007  INFO 17736 --- [           main] com.phoenix.backend.BackendApplication   : Starting BackendApplication v0.0.1-SNAPSHOT using Java 1.8.0_321 on master-node with PID 17736 (/home/daniel/NetBeansProjects/backend/target/backend-0.0.1-SNAPSHOT.jar started by daniel in /home/daniel/NetBeansProjects/backend)
2022-02-25 10:12:11.010  INFO 17736 --- [           main] com.phoenix.backend.BackendApplication   : No active profile set, falling back to default profiles: default
2022-02-25 10:12:11.915  INFO 17736 --- [           main] .s.d.r.c.RepositoryConfigurationDelegate : Bootstrapping Spring Data JPA repositories in DEFAULT mode.
2022-02-25 10:12:11.971  INFO 17736 --- [           main] .s.d.r.c.RepositoryConfigurationDelegate : Finished Spring Data repository scanning in 45 ms. Found 1 JPA repository interfaces.
2022-02-25 10:12:12.587  INFO 17736 --- [           main] o.s.b.w.embedded.tomcat.TomcatWebServer  : Tomcat initialized with port(s): 8181 (http)
2022-02-25 10:12:12.599  INFO 17736 --- [           main] o.apache.catalina.core.StandardService   : Starting service [Tomcat]
2022-02-25 10:12:12.599  INFO 17736 --- [           main] org.apache.catalina.core.StandardEngine  : Starting Servlet engine: [Apache Tomcat/9.0.56]
2022-02-25 10:12:12.674  INFO 17736 --- [           main] o.a.c.c.C.[Tomcat].[localhost].[/]       : Initializing Spring embedded WebApplicationContext
2022-02-25 10:12:12.674  INFO 17736 --- [           main] w.s.c.ServletWebServerApplicationContext : Root WebApplicationContext: initialization completed in 1588 ms
2022-02-25 10:12:12.963  INFO 17736 --- [           main] o.hibernate.jpa.internal.util.LogHelper  : HHH000204: Processing PersistenceUnitInfo [name: default]
2022-02-25 10:12:13.035  INFO 17736 --- [           main] org.hibernate.Version                    : HHH000412: Hibernate ORM core version 5.6.4.Final
2022-02-25 10:12:13.354  INFO 17736 --- [           main] o.hibernate.annotations.common.Version   : HCANN000001: Hibernate Commons Annotations {5.1.2.Final}
2022-02-25 10:12:13.465  INFO 17736 --- [           main] com.zaxxer.hikari.HikariDataSource       : HikariPool-1 - Starting...
2022-02-25 10:12:13.752  INFO 17736 --- [           main] com.zaxxer.hikari.HikariDataSource       : HikariPool-1 - Start completed.
2022-02-25 10:12:13.772  INFO 17736 --- [           main] org.hibernate.dialect.Dialect            : HHH000400: Using dialect: org.hibernate.dialect.PostgreSQLDialect
2022-02-25 10:12:14.072  INFO 17736 --- [           main] org.hibernate.tuple.PojoInstantiator     : HHH000182: No default (no-argument) constructor for class: com.phoenix.backend.auth.UserAuth (class must be instantiated by Interceptor)
2022-02-25 10:12:14.269  INFO 17736 --- [           main] o.h.e.t.j.p.i.JtaPlatformInitiator       : HHH000490: Using JtaPlatform implementation: [org.hibernate.engine.transaction.jta.platform.internal.NoJtaPlatform]
2022-02-25 10:12:14.275  INFO 17736 --- [           main] j.LocalContainerEntityManagerFactoryBean : Initialized JPA EntityManagerFactory for persistence unit 'default'
2022-02-25 10:12:14.685  WARN 17736 --- [           main] JpaBaseConfiguration$JpaWebConfiguration : spring.jpa.open-in-view is enabled by default. Therefore, database queries may be performed during view rendering. Explicitly configure spring.jpa.open-in-view to disable this warning
2022-02-25 10:12:15.056  INFO 17736 --- [           main] o.s.b.w.embedded.tomcat.TomcatWebServer  : Tomcat started on port(s): 8181 (http) with context path ''
2022-02-25 10:12:15.063  INFO 17736 --- [           main] com.phoenix.backend.BackendApplication   : Started BackendApplication in 4.533 seconds (JVM running for 5.393)
2022-02-25 10:12:25.180  INFO 17736 --- [nio-8181-exec-1] o.a.c.c.C.[Tomcat].[localhost].[/]       : Initializing Spring DispatcherServlet 'dispatcherServlet'
2022-02-25 10:12:25.180  INFO 17736 --- [nio-8181-exec-1] o.s.web.servlet.DispatcherServlet        : Initializing Servlet 'dispatcherServlet'
2022-02-25 10:12:25.181  INFO 17736 --- [nio-8181-exec-1] o.s.web.servlet.DispatcherServlet        : Completed initialization in 1 ms
2022-02-25 10:54:50.202  WARN 17736 --- [io-8181-exec-10] .w.s.m.s.DefaultHandlerExceptionResolver : Resolved [org.springframework.web.HttpRequestMethodNotSupportedException: Request method '-I' not supported]
2022-02-25 11:21:56.577  INFO 17736 --- [ionShutdownHook] j.LocalContainerEntityManagerFactoryBean : Closing JPA EntityManagerFactory for persistence unit 'default'
2022-02-25 11:21:56.599  INFO 17736 --- [ionShutdownHook] com.zaxxer.hikari.HikariDataSource       : HikariPool-1 - Shutdown initiated...
2022-02-25 11:21:56.608  INFO 17736 --- [ionShutdownHook] com.zaxxer.hikari.HikariDataSource       : HikariPool-1 - Shutdown completed.

  .   ____          _            __ _ _
 /\\ / ___'_ __ _ _(_)_ __  __ _ \ \ \ \
( ( )\___ | '_ | '_| | '_ \/ _` | \ \ \ \
 \\/  ___)| |_)| | | | | || (_| |  ) ) ) )
  '  |____| .__|_| |_|_| |_\__, | / / / /
 =========|_|==============|___/=/_/_/_/
 :: Spring Boot ::                (v2.6.3)

2022-02-25 12:26:48.111  INFO 30119 --- [           main] com.phoenix.backend.BackendApplication   : Starting BackendApplication v0.0.1-SNAPSHOT using Java 1.8.0_321 on master-node with PID 30119 (/home/daniel/NetBeansProjects/backend/target/backend-0.0.1-SNAPSHOT.jar started by daniel in /home/daniel/NetBeansProjects/backend)
2022-02-25 12:26:48.114  INFO 30119 --- [           main] com.phoenix.backend.BackendApplication   : No active profile set, falling back to default profiles: default
2022-02-25 12:26:48.779  INFO 30119 --- [           main] .s.d.r.c.RepositoryConfigurationDelegate : Bootstrapping Spring Data JPA repositories in DEFAULT mode.
2022-02-25 12:26:48.822  INFO 30119 --- [           main] .s.d.r.c.RepositoryConfigurationDelegate : Finished Spring Data repository scanning in 35 ms. Found 1 JPA repository interfaces.
2022-02-25 12:26:49.359  INFO 30119 --- [           main] o.s.b.w.embedded.tomcat.TomcatWebServer  : Tomcat initialized with port(s): 8181 (http)
2022-02-25 12:26:49.371  INFO 30119 --- [           main] o.apache.catalina.core.StandardService   : Starting service [Tomcat]
2022-02-25 12:26:49.371  INFO 30119 --- [           main] org.apache.catalina.core.StandardEngine  : Starting Servlet engine: [Apache Tomcat/9.0.56]
2022-02-25 12:26:49.423  INFO 30119 --- [           main] o.a.c.c.C.[Tomcat].[localhost].[/]       : Initializing Spring embedded WebApplicationContext
2022-02-25 12:26:49.423  INFO 30119 --- [           main] w.s.c.ServletWebServerApplicationContext : Root WebApplicationContext: initialization completed in 1252 ms
2022-02-25 12:26:49.585  INFO 30119 --- [           main] o.hibernate.jpa.internal.util.LogHelper  : HHH000204: Processing PersistenceUnitInfo [name: default]
2022-02-25 12:26:49.623  INFO 30119 --- [           main] org.hibernate.Version                    : HHH000412: Hibernate ORM core version 5.6.4.Final
2022-02-25 12:26:49.799  INFO 30119 --- [           main] o.hibernate.annotations.common.Version   : HCANN000001: Hibernate Commons Annotations {5.1.2.Final}
2022-02-25 12:26:49.884  INFO 30119 --- [           main] com.zaxxer.hikari.HikariDataSource       : HikariPool-1 - Starting...
2022-02-25 12:26:49.960  INFO 30119 --- [           main] com.zaxxer.hikari.HikariDataSource       : HikariPool-1 - Start completed.
2022-02-25 12:26:49.975  INFO 30119 --- [           main] org.hibernate.dialect.Dialect            : HHH000400: Using dialect: org.hibernate.dialect.PostgreSQLDialect
2022-02-25 12:26:50.191  INFO 30119 --- [           main] org.hibernate.tuple.PojoInstantiator     : HHH000182: No default (no-argument) constructor for class: com.phoenix.backend.auth.UserAuth (class must be instantiated by Interceptor)
2022-02-25 12:26:50.356  INFO 30119 --- [           main] o.h.e.t.j.p.i.JtaPlatformInitiator       : HHH000490: Using JtaPlatform implementation: [org.hibernate.engine.transaction.jta.platform.internal.NoJtaPlatform]
2022-02-25 12:26:50.362  INFO 30119 --- [           main] j.LocalContainerEntityManagerFactoryBean : Initialized JPA EntityManagerFactory for persistence unit 'default'
2022-02-25 12:26:50.738  WARN 30119 --- [           main] JpaBaseConfiguration$JpaWebConfiguration : spring.jpa.open-in-view is enabled by default. Therefore, database queries may be performed during view rendering. Explicitly configure spring.jpa.open-in-view to disable this warning
2022-02-25 12:26:51.056  INFO 30119 --- [           main] o.s.b.w.embedded.tomcat.TomcatWebServer  : Tomcat started on port(s): 8181 (http) with context path ''
2022-02-25 12:26:51.063  INFO 30119 --- [           main] com.phoenix.backend.BackendApplication   : Started BackendApplication in 3.304 seconds (JVM running for 3.666)
2022-02-25 12:26:53.300  INFO 30119 --- [nio-8181-exec-1] o.a.c.c.C.[Tomcat].[localhost].[/]       : Initializing Spring DispatcherServlet 'dispatcherServlet'
2022-02-25 12:26:53.301  INFO 30119 --- [nio-8181-exec-1] o.s.web.servlet.DispatcherServlet        : Initializing Servlet 'dispatcherServlet'
2022-02-25 12:26:53.302  INFO 30119 --- [nio-8181-exec-1] o.s.web.servlet.DispatcherServlet        : Completed initialization in 0 ms
